Arguments: 
  /usr/local/bin/node /usr/local/bin/yarn

PATH: 
  /Users/fackin/Documents/workspace/MyFlutter/flutter/bin:/usr/local/mongodb/bin:/usr/local/bin:/usr/bin:/bin:/usr/sbin:/sbin:/Users/fackin/Library/Android/sdk/tools:/Users/fackin/Library/Android/sdk/platform-tools

Yarn version: 
  1.7.0

Node version: 
  10.15.0

Platform: 
  darwin x64

Trace: 
  Error: http://mvn3.qdingnet.com/nexus/repository/npm-group/@babel%2fcore: ETIMEDOUT
      at Timeout._onTimeout (/usr/local/lib/node_modules/yarn/lib/cli.js:135339:19)
      at ontimeout (timers.js:436:11)
      at tryOnTimeout (timers.js:300:5)
      at listOnTimeout (timers.js:263:5)
      at Timer.processTimers (timers.js:223:10)

npm manifest: 
  {
    "name": "toy-react",
    "version": "1.0.0",
    "description": "",
    "main": "main.js",
    "scripts": {
      "test": "echo \"Error: no test specified\" && exit 1"
    },
    "author": "",
    "license": "ISC",
    "devDependencies": {
      "@babel/core": "^7.12.3",
      "@babel/plugin-transform-react-jsx": "^7.12.1",
      "@babel/preset-env": "^7.12.1",
      "babel-loader": "^8.1.0",
      "webpack": "^5.1.3",
      "webpack-cli": "^4.1.0"
    }
  }

yarn manifest: 
  No manifest

Lockfile: 
  No lockfile
